[2.983s] Invoking command in '/home/pari/GestureNav/ros2_ws/src/gesture_drone_control': PYTHONPATH=/home/pari/GestureNav/ros2_ws/build/gesture_drone_control/prefix_override:/usr/lib/python3/dist-packages/colcon_core/task/python/colcon_distutils_commands:/home/pari/GestureNav/ros2_ws/install/gesture_drone_control/lib/python3.10/site-packages:${PYTHONPATH} /usr/bin/python3 -W ignore:setup.py install is deprecated -W ignore:easy_install command is deprecated setup.py egg_info --egg-base ../../build/gesture_drone_control build --build-base /home/pari/GestureNav/ros2_ws/build/gesture_drone_control/build install --record /home/pari/GestureNav/ros2_ws/build/gesture_drone_control/install.log --single-version-externally-managed install_data
[4.184s] running egg_info
[4.188s] writing ../../build/gesture_drone_control/gesture_drone_control.egg-info/PKG-INFO
[4.189s] writing dependency_links to ../../build/gesture_drone_control/gesture_drone_control.egg-info/dependency_links.txt
[4.189s] writing entry points to ../../build/gesture_drone_control/gesture_drone_control.egg-info/entry_points.txt
[4.190s] writing requirements to ../../build/gesture_drone_control/gesture_drone_control.egg-info/requires.txt
[4.190s] writing top-level names to ../../build/gesture_drone_control/gesture_drone_control.egg-info/top_level.txt
[4.199s] reading manifest file '../../build/gesture_drone_control/gesture_drone_control.egg-info/SOURCES.txt'
[4.204s] writing manifest file '../../build/gesture_drone_control/gesture_drone_control.egg-info/SOURCES.txt'
[4.205s] running build
[4.205s] running build_py
[4.206s] running install
[4.208s] running install_lib
[4.214s] running install_data
[4.214s] running install_egg_info
[4.223s] removing '/home/pari/GestureNav/ros2_ws/install/gesture_drone_control/lib/python3.10/site-packages/gesture_drone_control-0.0.0-py3.10.egg-info' (and everything under it)
[4.225s] Copying ../../build/gesture_drone_control/gesture_drone_control.egg-info to /home/pari/GestureNav/ros2_ws/install/gesture_drone_control/lib/python3.10/site-packages/gesture_drone_control-0.0.0-py3.10.egg-info
[4.227s] running install_scripts
[4.327s] Installing drone_command_node script to /home/pari/GestureNav/ros2_ws/install/gesture_drone_control/lib/gesture_drone_control
[4.330s] Installing gesture_publisher script to /home/pari/GestureNav/ros2_ws/install/gesture_drone_control/lib/gesture_drone_control
[4.331s] writing list of installed files to '/home/pari/GestureNav/ros2_ws/build/gesture_drone_control/install.log'
[4.433s] Invoked command in '/home/pari/GestureNav/ros2_ws/src/gesture_drone_control' returned '0': PYTHONPATH=/home/pari/GestureNav/ros2_ws/build/gesture_drone_control/prefix_override:/usr/lib/python3/dist-packages/colcon_core/task/python/colcon_distutils_commands:/home/pari/GestureNav/ros2_ws/install/gesture_drone_control/lib/python3.10/site-packages:${PYTHONPATH} /usr/bin/python3 -W ignore:setup.py install is deprecated -W ignore:easy_install command is deprecated setup.py egg_info --egg-base ../../build/gesture_drone_control build --build-base /home/pari/GestureNav/ros2_ws/build/gesture_drone_control/build install --record /home/pari/GestureNav/ros2_ws/build/gesture_drone_control/install.log --single-version-externally-managed install_data
