[0.758s] Invoking command in '/home/pari/GestureNav/ros2_ws/build/gesture_drone_control': PYTHONPATH=/home/pari/GestureNav/ros2_ws/build/gesture_drone_control/prefix_override:/usr/lib/python3/dist-packages/colcon_core/task/python/colcon_distutils_commands:/home/pari/GestureNav/ros2_ws/install/gesture_drone_control/lib/python3.10/site-packages:${PYTHONPATH} /usr/bin/python3 -W ignore:setup.py install is deprecated -W ignore:easy_install command is deprecated setup.py develop --editable --build-directory /home/pari/GestureNav/ros2_ws/build/gesture_drone_control/build --no-deps symlink_data --force
[1.060s] running develop
[1.292s] running egg_info
[1.292s] writing gesture_drone_control.egg-info/PKG-INFO
[1.292s] writing dependency_links to gesture_drone_control.egg-info/dependency_links.txt
[1.292s] writing entry points to gesture_drone_control.egg-info/entry_points.txt
[1.293s] writing requirements to gesture_drone_control.egg-info/requires.txt
[1.293s] writing top-level names to gesture_drone_control.egg-info/top_level.txt
[1.296s] reading manifest file 'gesture_drone_control.egg-info/SOURCES.txt'
[1.298s] writing manifest file 'gesture_drone_control.egg-info/SOURCES.txt'
[1.301s] running build_ext
[1.301s] Creating /home/pari/GestureNav/ros2_ws/install/gesture_drone_control/lib/python3.10/site-packages/gesture-drone-control.egg-link (link to .)
[1.302s] Installing drone_command_node script to /home/pari/GestureNav/ros2_ws/install/gesture_drone_control/lib/gesture_drone_control
[1.302s] Installing gesture_publisher script to /home/pari/GestureNav/ros2_ws/install/gesture_drone_control/lib/gesture_drone_control
[1.303s] 
[1.303s] Installed /home/pari/GestureNav/ros2_ws/build/gesture_drone_control
[1.303s] running symlink_data
[1.303s] symbolically linking /home/pari/GestureNav/ros2_ws/build/gesture_drone_control/resource/gesture_drone_control -> /home/pari/GestureNav/ros2_ws/install/gesture_drone_control/share/ament_index/resource_index/packages
[1.303s] symbolically linking /home/pari/GestureNav/ros2_ws/build/gesture_drone_control/package.xml -> /home/pari/GestureNav/ros2_ws/install/gesture_drone_control/share/gesture_drone_control
[1.333s] Invoked command in '/home/pari/GestureNav/ros2_ws/build/gesture_drone_control' returned '0': PYTHONPATH=/home/pari/GestureNav/ros2_ws/build/gesture_drone_control/prefix_override:/usr/lib/python3/dist-packages/colcon_core/task/python/colcon_distutils_commands:/home/pari/GestureNav/ros2_ws/install/gesture_drone_control/lib/python3.10/site-packages:${PYTHONPATH} /usr/bin/python3 -W ignore:setup.py install is deprecated -W ignore:easy_install command is deprecated setup.py develop --editable --build-directory /home/pari/GestureNav/ros2_ws/build/gesture_drone_control/build --no-deps symlink_data --force
