/home/pari/GestureNav/ros2_ws/install/gesture_drone_control/lib/python3.10/site-packages/gesture_drone_control/gesture_publisher.py
/home/pari/GestureNav/ros2_ws/install/gesture_drone_control/lib/python3.10/site-packages/gesture_drone_control/gesture_command_map.py
/home/pari/GestureNav/ros2_ws/install/gesture_drone_control/lib/python3.10/site-packages/gesture_drone_control/__init__.py
/home/pari/GestureNav/ros2_ws/install/gesture_drone_control/lib/python3.10/site-packages/gesture_drone_control/drone_command_node.py
/home/pari/GestureNav/ros2_ws/install/gesture_drone_control/lib/python3.10/site-packages/gesture_drone_control/__pycache__/gesture_publisher.cpython-310.pyc
/home/pari/GestureNav/ros2_ws/install/gesture_drone_control/lib/python3.10/site-packages/gesture_drone_control/__pycache__/gesture_command_map.cpython-310.pyc
/home/pari/GestureNav/ros2_ws/install/gesture_drone_control/lib/python3.10/site-packages/gesture_drone_control/__pycache__/__init__.cpython-310.pyc
/home/pari/GestureNav/ros2_ws/install/gesture_drone_control/lib/python3.10/site-packages/gesture_drone_control/__pycache__/drone_command_node.cpython-310.pyc
/home/pari/GestureNav/ros2_ws/install/gesture_drone_control/share/gesture_drone_control/package.xml
/home/pari/GestureNav/ros2_ws/install/gesture_drone_control/share/ament_index/resource_index/packages/gesture_drone_control
/home/pari/GestureNav/ros2_ws/install/gesture_drone_control/share/gesture_drone_control/models/gesture_classifier.pkl
/home/pari/GestureNav/ros2_ws/install/gesture_drone_control/share/gesture_drone_control/models/labels.json
/home/pari/GestureNav/ros2_ws/install/gesture_drone_control/lib/python3.10/site-packages/gesture_drone_control-0.0.0-py3.10.egg-info/entry_points.txt
/home/pari/GestureNav/ros2_ws/install/gesture_drone_control/lib/python3.10/site-packages/gesture_drone_control-0.0.0-py3.10.egg-info/top_level.txt
/home/pari/GestureNav/ros2_ws/install/gesture_drone_control/lib/python3.10/site-packages/gesture_drone_control-0.0.0-py3.10.egg-info/requires.txt
/home/pari/GestureNav/ros2_ws/install/gesture_drone_control/lib/python3.10/site-packages/gesture_drone_control-0.0.0-py3.10.egg-info/zip-safe
/home/pari/GestureNav/ros2_ws/install/gesture_drone_control/lib/python3.10/site-packages/gesture_drone_control-0.0.0-py3.10.egg-info/SOURCES.txt
/home/pari/GestureNav/ros2_ws/install/gesture_drone_control/lib/python3.10/site-packages/gesture_drone_control-0.0.0-py3.10.egg-info/PKG-INFO
/home/pari/GestureNav/ros2_ws/install/gesture_drone_control/lib/python3.10/site-packages/gesture_drone_control-0.0.0-py3.10.egg-info/dependency_links.txt
/home/pari/GestureNav/ros2_ws/install/gesture_drone_control/lib/gesture_drone_control/drone_command_node
/home/pari/GestureNav/ros2_ws/install/gesture_drone_control/lib/gesture_drone_control/gesture_publisher
