[0.367s] Invoking command in '/home/pari/GestureNav/ros2_ws/build/gesture_drone_control': PYTHONPATH=/home/pari/GestureNav/ros2_ws/build/gesture_drone_control/prefix_override:/usr/lib/python3/dist-packages/colcon_core/task/python/colcon_distutils_commands:/home/pari/GestureNav/ros2_ws/install/gesture_drone_control/lib/python3.10/site-packages:${PYTHONPATH} /usr/bin/python3 -W ignore:setup.py install is deprecated -W ignore:easy_install command is deprecated setup.py develop --uninstall --editable --build-directory /home/pari/GestureNav/ros2_ws/build/gesture_drone_control/build
[0.529s] running develop
[0.628s] Removing /home/pari/GestureNav/ros2_ws/install/gesture_drone_control/lib/python3.10/site-packages/gesture-drone-control.egg-link (link to .)
[0.646s] Invoked command in '/home/pari/GestureNav/ros2_ws/build/gesture_drone_control' returned '0': PYTHONPATH=/home/pari/GestureNav/ros2_ws/build/gesture_drone_control/prefix_override:/usr/lib/python3/dist-packages/colcon_core/task/python/colcon_distutils_commands:/home/pari/GestureNav/ros2_ws/install/gesture_drone_control/lib/python3.10/site-packages:${PYTHONPATH} /usr/bin/python3 -W ignore:setup.py install is deprecated -W ignore:easy_install command is deprecated setup.py develop --uninstall --editable --build-directory /home/pari/GestureNav/ros2_ws/build/gesture_drone_control/build
[0.648s] Invoking command in '/home/pari/GestureNav/ros2_ws/src/gesture_drone_control': PYTHONPATH=/home/pari/GestureNav/ros2_ws/build/gesture_drone_control/prefix_override:/usr/lib/python3/dist-packages/colcon_core/task/python/colcon_distutils_commands:/home/pari/GestureNav/ros2_ws/install/gesture_drone_control/lib/python3.10/site-packages:${PYTHONPATH} /usr/bin/python3 -W ignore:setup.py install is deprecated -W ignore:easy_install command is deprecated setup.py egg_info --egg-base ../../build/gesture_drone_control build --build-base /home/pari/GestureNav/ros2_ws/build/gesture_drone_control/build install --record /home/pari/GestureNav/ros2_ws/build/gesture_drone_control/install.log --single-version-externally-managed install_data --force
[0.793s] running egg_info
[0.793s] writing ../../build/gesture_drone_control/gesture_drone_control.egg-info/PKG-INFO
[0.794s] writing dependency_links to ../../build/gesture_drone_control/gesture_drone_control.egg-info/dependency_links.txt
[0.794s] writing entry points to ../../build/gesture_drone_control/gesture_drone_control.egg-info/entry_points.txt
[0.794s] writing requirements to ../../build/gesture_drone_control/gesture_drone_control.egg-info/requires.txt
[0.794s] writing top-level names to ../../build/gesture_drone_control/gesture_drone_control.egg-info/top_level.txt
[0.795s] reading manifest file '../../build/gesture_drone_control/gesture_drone_control.egg-info/SOURCES.txt'
[0.796s] writing manifest file '../../build/gesture_drone_control/gesture_drone_control.egg-info/SOURCES.txt'
[0.796s] running build
[0.796s] running build_py
[0.796s] copying gesture_drone_control/gesture_publisher.py -> /home/pari/GestureNav/ros2_ws/build/gesture_drone_control/build/lib/gesture_drone_control
[0.796s] running install
[0.796s] running install_lib
[0.797s] creating /home/pari/GestureNav/ros2_ws/install/gesture_drone_control/lib/python3.10/site-packages/gesture_drone_control
[0.797s] copying /home/pari/GestureNav/ros2_ws/build/gesture_drone_control/build/lib/gesture_drone_control/gesture_publisher.py -> /home/pari/GestureNav/ros2_ws/install/gesture_drone_control/lib/python3.10/site-packages/gesture_drone_control
[0.797s] copying /home/pari/GestureNav/ros2_ws/build/gesture_drone_control/build/lib/gesture_drone_control/gesture_command_map.py -> /home/pari/GestureNav/ros2_ws/install/gesture_drone_control/lib/python3.10/site-packages/gesture_drone_control
[0.797s] copying /home/pari/GestureNav/ros2_ws/build/gesture_drone_control/build/lib/gesture_drone_control/__init__.py -> /home/pari/GestureNav/ros2_ws/install/gesture_drone_control/lib/python3.10/site-packages/gesture_drone_control
[0.797s] copying /home/pari/GestureNav/ros2_ws/build/gesture_drone_control/build/lib/gesture_drone_control/drone_command_node.py -> /home/pari/GestureNav/ros2_ws/install/gesture_drone_control/lib/python3.10/site-packages/gesture_drone_control
[0.797s] byte-compiling /home/pari/GestureNav/ros2_ws/install/gesture_drone_control/lib/python3.10/site-packages/gesture_drone_control/gesture_publisher.py to gesture_publisher.cpython-310.pyc
[0.798s] byte-compiling /home/pari/GestureNav/ros2_ws/install/gesture_drone_control/lib/python3.10/site-packages/gesture_drone_control/gesture_command_map.py to gesture_command_map.cpython-310.pyc
[0.798s] byte-compiling /home/pari/GestureNav/ros2_ws/install/gesture_drone_control/lib/python3.10/site-packages/gesture_drone_control/__init__.py to __init__.cpython-310.pyc
[0.798s] byte-compiling /home/pari/GestureNav/ros2_ws/install/gesture_drone_control/lib/python3.10/site-packages/gesture_drone_control/drone_command_node.py to drone_command_node.cpython-310.pyc
[0.798s] running install_data
[0.798s] copying resource/gesture_drone_control -> /home/pari/GestureNav/ros2_ws/install/gesture_drone_control/share/ament_index/resource_index/packages
[0.798s] copying package.xml -> /home/pari/GestureNav/ros2_ws/install/gesture_drone_control/share/gesture_drone_control
[0.798s] running install_egg_info
[0.799s] Copying ../../build/gesture_drone_control/gesture_drone_control.egg-info to /home/pari/GestureNav/ros2_ws/install/gesture_drone_control/lib/python3.10/site-packages/gesture_drone_control-0.0.0-py3.10.egg-info
[0.800s] running install_scripts
[0.813s] Installing drone_command_node script to /home/pari/GestureNav/ros2_ws/install/gesture_drone_control/lib/gesture_drone_control
[0.813s] Installing gesture_publisher script to /home/pari/GestureNav/ros2_ws/install/gesture_drone_control/lib/gesture_drone_control
[0.814s] writing list of installed files to '/home/pari/GestureNav/ros2_ws/build/gesture_drone_control/install.log'
[0.829s] Invoked command in '/home/pari/GestureNav/ros2_ws/src/gesture_drone_control' returned '0': PYTHONPATH=/home/pari/GestureNav/ros2_ws/build/gesture_drone_control/prefix_override:/usr/lib/python3/dist-packages/colcon_core/task/python/colcon_distutils_commands:/home/pari/GestureNav/ros2_ws/install/gesture_drone_control/lib/python3.10/site-packages:${PYTHONPATH} /usr/bin/python3 -W ignore:setup.py install is deprecated -W ignore:easy_install command is deprecated setup.py egg_info --egg-base ../../build/gesture_drone_control build --build-base /home/pari/GestureNav/ros2_ws/build/gesture_drone_control/build install --record /home/pari/GestureNav/ros2_ws/build/gesture_drone_control/install.log --single-version-externally-managed install_data --force
