running egg_info
writing ../../build/gesture_drone_control/gesture_drone_control.egg-info/PKG-INFO
writing dependency_links to ../../build/gesture_drone_control/gesture_drone_control.egg-info/dependency_links.txt
writing entry points to ../../build/gesture_drone_control/gesture_drone_control.egg-info/entry_points.txt
writing requirements to ../../build/gesture_drone_control/gesture_drone_control.egg-info/requires.txt
writing top-level names to ../../build/gesture_drone_control/gesture_drone_control.egg-info/top_level.txt
reading manifest file '../../build/gesture_drone_control/gesture_drone_control.egg-info/SOURCES.txt'
writing manifest file '../../build/gesture_drone_control/gesture_drone_control.egg-info/SOURCES.txt'
running build
running build_py
running install
running install_lib
running install_data
copying package.xml -> /home/pari/GestureNav/ros2_ws/install/gesture_drone_control/share/gesture_drone_control
running install_egg_info
removing '/home/pari/GestureNav/ros2_ws/install/gesture_drone_control/lib/python3.10/site-packages/gesture_drone_control-0.0.0-py3.10.egg-info' (and everything under it)
Copying ../../build/gesture_drone_control/gesture_drone_control.egg-info to /home/pari/GestureNav/ros2_ws/install/gesture_drone_control/lib/python3.10/site-packages/gesture_drone_control-0.0.0-py3.10.egg-info
running install_scripts
Installing drone_command_node script to /home/pari/GestureNav/ros2_ws/install/gesture_drone_control/lib/gesture_drone_control
Installing gesture_publisher script to /home/pari/GestureNav/ros2_ws/install/gesture_drone_control/lib/gesture_drone_control
writing list of installed files to '/home/pari/GestureNav/ros2_ws/build/gesture_drone_control/install.log'
